<?xml version="1.0" encoding="UTF-8"?>
<!-- Generated by org.testng.reporters.JUnitReportReporter -->
<testsuite hostname="LAPTOP-0RBMQKUC" failures="0" tests="12" name="HW2.Ex2.Exercise2" time="6.115" errors="0" timestamp="2021-06-01T01:55:23 MSK" skipped="0">
  <testcase classname="HW2.Ex2.Exercise2" name="brTitleTest" time="0.013"/>
  <system-out/>
  <testcase classname="HW2.Ex2.Exercise2" name="ifLoggined" time="0.046"/>
  <system-out/>
  <testcase classname="HW2.Ex2.Exercise2" name="difElPageObservationTest" time="1.172"/>
  <system-out/>
  <testcase classname="HW2.Ex2.Exercise2" name="URLTest" time="0.014"/>
  <system-out/>
  <testcase classname="HW2.Ex2.Exercise2" name="checkBoxesTest" time="1.127"/>
  <system-out/>
  <testcase classname="HW2.Ex2.Exercise2" name="leftSectionServiceTest" time="0.968"/>
  <system-out/>
  <testcase classname="HW2.Ex2.Exercise2" name="leftSectionTest" time="0.060"/>
  <system-out/>
  <testcase classname="HW2.Ex2.Exercise2" name="radioTest" time="0.519"/>
  <system-out/>
  <testcase classname="HW2.Ex2.Exercise2" name="rightSectionTest" time="0.058"/>
  <system-out/>
  <testcase classname="HW2.Ex2.Exercise2" name="loginTest" time="0.558"/>
  <system-out/>
  <testcase classname="HW2.Ex2.Exercise2" name="dropTest" time="0.577"/>
  <system-out/>
  <testcase classname="HW2.Ex2.Exercise2" name="headerTest" time="1.003"/>
  <system-out/>
</testsuite> <!-- HW2.Ex2.Exercise2 -->
