<?xml version="1.0" encoding="UTF-8"?>
<!-- Generated by org.testng.reporters.JUnitReportReporter -->
<testsuite hostname="LAPTOP-0RBMQKUC" failures="0" tests="10" name="HW2.Ex1.Exercise1" time="2.021" errors="0" timestamp="2021-06-01T01:55:23 MSK" skipped="0">
  <testcase classname="HW2.Ex1.Exercise1" name="loginTest" time="0.586"/>
  <system-out/>
  <testcase classname="HW2.Ex1.Exercise1" name="subHeaderTest" time="0.077"/>
  <system-out/>
  <testcase classname="HW2.Ex1.Exercise1" name="openPageTest" time="0.018"/>
  <system-out/>
  <testcase classname="HW2.Ex1.Exercise1" name="footerTest" time="0.065"/>
  <system-out/>
  <testcase classname="HW2.Ex1.Exercise1" name="leftSectionTest" time="0.064"/>
  <system-out/>
  <testcase classname="HW2.Ex1.Exercise1" name="textTest" time="0.282"/>
  <system-out/>
  <testcase classname="HW2.Ex1.Exercise1" name="headerTest" time="0.245"/>
  <system-out/>
  <testcase classname="HW2.Ex1.Exercise1" name="mainHeadersContentTest" time="0.101"/>
  <system-out/>
  <testcase classname="HW2.Ex1.Exercise1" name="centerIFrameTest" time="0.421"/>
  <system-out/>
  <testcase classname="HW2.Ex1.Exercise1" name="imagesTest" time="0.162"/>
  <system-out/>
</testsuite> <!-- HW2.Ex1.Exercise1 -->
