<?xml version="1.0" encoding="UTF-8"?>
<!-- Generated by org.testng.reporters.JUnitReportReporter -->
<testsuite ignored="0" hostname="LAPTOP-0RBMQKUC" failures="0" tests="18" name="HW1.SubTest" time="0.003" errors="0" timestamp="30 мар. 2021 15:18:29 GMT" skipped="0">
  <testcase classname="HW1.SubTest" name="subTestDouble" time="0.000"/>
  <testcase classname="HW1.SubTest" name="subTestLong" time="0.000"/>
  <testcase classname="HW1.SubTest" name="subTestDouble" time="0.000"/>
  <testcase classname="HW1.SubTest" name="subTestLong" time="0.000"/>
  <testcase classname="HW1.SubTest" name="subTestLong" time="0.000"/>
  <testcase classname="HW1.SubTest" name="subTestLong" time="0.001"/>
  <testcase classname="HW1.SubTest" name="subTestLong" time="0.000"/>
  <testcase classname="HW1.SubTest" name="subTestDouble" time="0.000"/>
  <testcase classname="HW1.SubTest" name="subTestLong" time="0.000"/>
  <testcase classname="HW1.SubTest" name="subTestDouble" time="0.001"/>
  <testcase classname="HW1.SubTest" name="subTestDouble" time="0.000"/>
  <testcase classname="HW1.SubTest" name="subTestLong" time="0.000"/>
  <testcase classname="HW1.SubTest" name="subTestDouble" time="0.000"/>
  <testcase classname="HW1.SubTest" name="subTestDouble" time="0.000"/>
  <testcase classname="HW1.SubTest" name="subTestDouble" time="0.001"/>
  <testcase classname="HW1.SubTest" name="subTestLong" time="0.000"/>
  <testcase classname="HW1.SubTest" name="subTestDouble" time="0.000"/>
  <testcase classname="HW1.SubTest" name="subTestLong" time="0.000"/>
</testsuite> <!-- HW1.SubTest -->
