<?xml version="1.0" encoding="UTF-8"?>
<!-- Generated by org.testng.reporters.JUnitReportReporter -->
<testsuite ignored="0" hostname="LAPTOP-0RBMQKUC" failures="0" tests="9" name="HW1.SqrtTest" time="0.003" errors="0" timestamp="30 мар. 2021 15:18:29 GMT" skipped="0">
  <testcase classname="HW1.SqrtTest" name="sqrtTestDouble" time="0.000"/>
  <testcase classname="HW1.SqrtTest" name="sqrtTestDouble" time="0.001"/>
  <testcase classname="HW1.SqrtTest" name="sqrtTestDouble" time="0.001"/>
  <testcase classname="HW1.SqrtTest" name="sqrtTestDouble" time="0.000"/>
  <testcase classname="HW1.SqrtTest" name="sqrtTestDouble" time="0.000"/>
  <testcase classname="HW1.SqrtTest" name="sqrtTestDouble" time="0.000"/>
  <testcase classname="HW1.SqrtTest" name="sqrtTestDouble" time="0.000"/>
  <testcase classname="HW1.SqrtTest" name="sqrtTestDouble" time="0.000"/>
  <testcase classname="HW1.SqrtTest" name="sqrtTestDouble" time="0.001"/>
</testsuite> <!-- HW1.SqrtTest -->
