<?xml version="1.0" encoding="UTF-8"?>
<!-- Generated by org.testng.reporters.JUnitReportReporter -->
<testsuite ignored="0" hostname="LAPTOP-0RBMQKUC" failures="0" tests="18" name="HW1.AddTest" time="0.007" errors="0" timestamp="30 мар. 2021 15:18:29 GMT" skipped="0">
  <testcase classname="HW1.AddTest" name="addTestLong" time="0.000"/>
  <testcase classname="HW1.AddTest" name="addTestDouble" time="0.000"/>
  <testcase classname="HW1.AddTest" name="addTestDouble" time="0.000"/>
  <testcase classname="HW1.AddTest" name="addTestDouble" time="0.003"/>
  <testcase classname="HW1.AddTest" name="addTestDouble" time="0.000"/>
  <testcase classname="HW1.AddTest" name="addTestDouble" time="0.000"/>
  <testcase classname="HW1.AddTest" name="addTestLong" time="0.000"/>
  <testcase classname="HW1.AddTest" name="addTestLong" time="0.000"/>
  <testcase classname="HW1.AddTest" name="addTestLong" time="0.000"/>
  <testcase classname="HW1.AddTest" name="addTestLong" time="0.000"/>
  <testcase classname="HW1.AddTest" name="addTestLong" time="0.000"/>
  <testcase classname="HW1.AddTest" name="addTestDouble" time="0.001"/>
  <testcase classname="HW1.AddTest" name="addTestLong" time="0.000"/>
  <testcase classname="HW1.AddTest" name="addTestLong" time="0.000"/>
  <testcase classname="HW1.AddTest" name="addTestDouble" time="0.001"/>
  <testcase classname="HW1.AddTest" name="addTestDouble" time="0.000"/>
  <testcase classname="HW1.AddTest" name="addTestLong" time="0.000"/>
  <testcase classname="HW1.AddTest" name="addTestDouble" time="0.002"/>
</testsuite> <!-- HW1.AddTest -->
